-I: Adding /home/shunzhou/miniconda2/dat/leap/prep to search path.
-I: Adding /home/shunzhou/miniconda2/dat/leap/lib to search path.
-I: Adding /home/shunzhou/miniconda2/dat/leap/parm to search path.
-I: Adding /home/shunzhou/miniconda2/dat/leap/cmd to search path.
-f: Source tleap.in.

Welcome to LEaP!
(no leaprc in search path)
Sourcing: ./tleap.in
----- Source: /home/shunzhou/miniconda2/dat/leap/cmd/leaprc.water.tip3p
----- Source of /home/shunzhou/miniconda2/dat/leap/cmd/leaprc.water.tip3p done
Loading library: /home/shunzhou/miniconda2/dat/leap/lib/atomic_ions.lib
Loading library: /home/shunzhou/miniconda2/dat/leap/lib/solvents.lib
Loading parameters: /home/shunzhou/miniconda2/dat/leap/parm/frcmod.tip3p
Reading force field modification type file (frcmod)
Reading title:
This is the additional/replacement parameter set for TIP3P water
Loading parameters: /home/shunzhou/miniconda2/dat/leap/parm/frcmod.ions1lm_126_tip3p
Reading force field modification type file (frcmod)
Reading title:
Li/Merz ion parameters of monovalent ions for TIP3P water model (12-6 normal usage set)
Loading parameters: /home/shunzhou/miniconda2/dat/leap/parm/frcmod.ionsjc_tip3p
Reading force field modification type file (frcmod)
Reading title:
Monovalent ion parameters for Ewald and TIP3P water from Joung & Cheatham JPCB (2008)
Loading parameters: /home/shunzhou/miniconda2/dat/leap/parm/frcmod.ions234lm_126_tip3p
Reading force field modification type file (frcmod)
Reading title:
Li/Merz ion parameters of divalent to tetravalent ions for TIP3P water model (12-6 normal usage set)
----- Source: /home/shunzhou/miniconda2/dat/leap/cmd/leaprc.gaff
----- Source of /home/shunzhou/miniconda2/dat/leap/cmd/leaprc.gaff done
Log file: ./leap.log
Loading parameters: /home/shunzhou/miniconda2/dat/leap/parm/gaff.dat
Reading title:
AMBER General Force Field for organic molecules (Version 1.81, May 2017)
Loading parameters: ../../../a0-a50/hybrid.frcmod
Reading force field modification type file (frcmod)
Reading title:
merged frcmod
Loading library: ../../../a0-a50/hybrid.lib
Loading PDB file: ../../../a0-a50/hybrid.pdb
  total atoms in file: 65
 0.020150 0 1 0
0 Cl- ion required to neutralize.
Adding 0 counter ions to "com" using 1A grid

/home/shunzhou/miniconda2/bin/teLeap: Warning!
addIons: 1st Ion & target unit have charges of the same sign:
     unit charge = 0.02015; ion1 charge = 1;
     can't neutralize.
  Solute vdw bounding box:              9.802 10.736 16.512
  Total bounding box for atom centers:  37.802 38.736 44.512
  Solvent unit box:                     18.774 18.774 18.774
  Total vdw box size:                   41.123 41.891 46.960 angstroms.
  Volume: 80897.493 A^3 
  Total mass 35686.846 amu,  Density 0.733 g/cc
  Added 1950 residues.
Writing pdb file: complex.pdb
   printing CRYST1 record to PDB file with box info
Checking Unit.

/home/shunzhou/miniconda2/bin/teLeap: Warning!
The unperturbed charge of the unit (0.020150) is not integral.

/home/shunzhou/miniconda2/bin/teLeap: Warning!
The unperturbed charge of the unit (0.020150) is not zero.

/home/shunzhou/miniconda2/bin/teLeap: Note.
Ignoring the error and warning from Unit Checking.

Building topology.
Building atom parameters.
Building bond parameters.
Building angle parameters.
Building proper torsion parameters.
Building improper torsion parameters.
 total 19 improper torsions applied
Building H-Bond parameters.
Incorporating Non-Bonded adjustments.
Not Marking per-residue atom chain types.
Marking per-residue atom chain types.
  (Residues lacking connect0/connect1 - 
   these don't have chain types marked:

	res	total affected

	WAT	1950
  )
 (no restraints)
	Quit

Exiting LEaP: Errors = 0; Warnings = 3; Notes = 1.
> 	{ "p4"   "P" "sp3" }
>> 	{ "p5"   "P" "sp3" }
>> 	{ "pb"   "P" "sp3" }
>> 	{ "pc"   "P" "sp3" }
>> 	{ "pd"   "P" "sp3" }
>> 	{ "pe"   "P" "sp3" }
>> 	{ "pf"   "P" "sp3" }
>> 	{ "px"   "P" "sp3" }
>> 	{ "py"   "P" "sp3" }
>> 	{ "f"   "F" "sp3" }
>> 	{ "cl"  "Cl" "sp3" }
>> 	{ "br"  "Br" "sp3" }
>> 	{ "i"   "I"  "sp3" }
>> }
>> #
>> #	Load the general force field parameter set.
>> #
>> gaff = loadamberparams gaff.dat
Loading parameters: /home/shunzhou/miniconda2/dat/leap/parm/gaff.dat
Reading title:
AMBER General Force Field for organic molecules (Version 1.81, May 2017)
> 
> 
> loadamberparams ../../../a0-a50/hybrid.frcmod
Loading parameters: ../../../a0-a50/hybrid.frcmod
Reading force field modification type file (frcmod)
Reading title:
merged frcmod
> loadoff ../../../a0-a50/hybrid.lib
Loading library: ../../../a0-a50/hybrid.lib
Loading: LIG
> com = loadpdb ../../../a0-a50/hybrid.pdb
Loading PDB file: ../../../a0-a50/hybrid.pdb
Matching PDB residue names to LEaP variables.
  total atoms in file: 65
> 
> alignaxes com
> addions com Cl- 0.0
 0.020150 0 1 0
0 Cl- ion required to neutralize.
Adding 0 counter ions to "com" using 1A grid
> addions com Na+ 0.0

/home/shunzhou/miniconda2/bin/teLeap: Warning!
addIons: 1st Ion & target unit have charges of the same sign:
     unit charge = 0.02015; ion1 charge = 1;
     can't neutralize.
> solvatebox com TIP3PBOX 14
  Solute vdw bounding box:              9.802 10.736 16.512
  Total bounding box for atom centers:  37.802 38.736 44.512
  Solvent unit box:                     18.774 18.774 18.774
The number of boxes:  x= 3  y= 3  z= 3
  Total vdw box size:                   41.123 41.891 46.960 angstroms.
  Volume: 80897.493 A^3 
  Total mass 35686.846 amu,  Density 0.733 g/cc
  Added 1950 residues.
> 
> savepdb com complex.pdb
Writing pdb file: complex.pdb
   printing CRYST1 record to PDB file with box info
> saveamberparm com complex.prmtop complex.inpcrd
Checking Unit.

/home/shunzhou/miniconda2/bin/teLeap: Warning!
The unperturbed charge of the unit (0.020150) is not integral.

/home/shunzhou/miniconda2/bin/teLeap: Warning!
The unperturbed charge of the unit (0.020150) is not zero.

/home/shunzhou/miniconda2/bin/teLeap: Note.
Ignoring the error and warning from Unit Checking.

Building topology.
Building atom parameters.
Building bond parameters.
Building angle parameters.
Building proper torsion parameters.
Building improper torsion parameters.
 total 19 improper torsions applied
Building H-Bond parameters.
Incorporating Non-Bonded adjustments.
Not Marking per-residue atom chain types.
Marking per-residue atom chain types.
  (Residues lacking connect0/connect1 - 
   these don't have chain types marked:

	res	total affected

	WAT	1950
  )
 (no restraints)
> quit
	Quit

Exiting LEaP: Errors = 0; Warnings = 3; Notes = 1.
